<?xml version='1.0' encoding='UTF-8'?>
<testsuite hostname="rMBA" name="example.HelloSpec" tests="1" errors="0" failures="0" skipped="0" time="0.018" timestamp="2021-12-27T21:31:02">
          <properties>
[...]
</properties>
          <testcase classname="example.HelloSpec" name="The Hello object should say hello" time="0.018">
                      
                    </testcase>
          <system-out><![CDATA[]]></system-out>
          <system-err><![CDATA[]]></system-err>
        </testsuite>